<?xml version="1.0" encoding="UTF-8"?>
<testng-results skipped="0" failed="0" ignored="0" total="1" passed="1">
  <reporter-output>
  </reporter-output>
  <suite name="Default suite" duration-ms="59764" started-at="2018-03-17T14:40:00Z" finished-at="2018-03-17T14:40:59Z">
    <groups>
    </groups>
    <test name="Default test" duration-ms="59764" started-at="2018-03-17T14:40:00Z" finished-at="2018-03-17T14:40:59Z">
      <class name="cn.gloryroad.testScript.TestSendMailWithAttachment">
        <test-method status="PASS" signature="beforeMethod()[pri:0, instance:cn.gloryroad.testScript.TestSendMailWithAttachment@59f99ea]" name="beforeMethod" is-config="true" duration-ms="3161" started-at="2018-03-17T22:40:00Z" finished-at="2018-03-17T22:40:03Z">
          <reporter-output>
          </reporter-output>
        </test-method> <!-- beforeMethod -->
        <test-method status="PASS" signature="testSendMailWithAttachment()[pri:0, instance:cn.gloryroad.testScript.TestSendMailWithAttachment@59f99ea]" name="testSendMailWithAttachment" duration-ms="56583" started-at="2018-03-17T22:40:03Z" finished-at="2018-03-17T22:40:59Z">
          <reporter-output>
          </reporter-output>
        </test-method> <!-- testSendMailWithAttachment -->
        <test-method status="PASS" signature="afterMethod()[pri:0, instance:cn.gloryroad.testScript.TestSendMailWithAttachment@59f99ea]" name="afterMethod" is-config="true" duration-ms="0" started-at="2018-03-17T22:40:59Z" finished-at="2018-03-17T22:40:59Z">
          <reporter-output>
          </reporter-output>
        </test-method> <!-- afterMethod -->
      </class> <!-- cn.gloryroad.testScript.TestSendMailWithAttachment -->
    </test> <!-- Default test -->
  </suite> <!-- Default suite -->
</testng-results>
